# Reading C:/Microsemi/Libero_SoC_v11.9/Modelsim/tcl/vsim/pref.tcl
# do run.do
# INFO: Simulation library presynth already exists
# Model Technology ModelSim Microsemi vmap 10.5c Lib Mapping Utility 2016.07 Jul 21 2016
# vmap presynth presynth 
# Modifying modelsim.ini
# Model Technology ModelSim Microsemi vmap 10.5c Lib Mapping Utility 2016.07 Jul 21 2016
# vmap proasic3 C:/Microsemi/Libero_SoC_v11.9/Designer/lib/modelsim/precompiled/vlog/proasic3 
# Modifying modelsim.ini
# Model Technology ModelSim Microsemi vlog 10.5c Compiler 2016.07 Jul 21 2016
# Start time: 14:41:06 on Dec 29,2024
# vlog -reportprogress 300 -vlog01compat -work presynth D:/chang/_74HC194/hdl/HC194.v 
# -- Compiling module _74HC194
# 
# Top level modules:
# 	_74HC194
# End time: 14:41:07 on Dec 29,2024, Elapsed time: 0:00:01
# Errors: 0, Warnings: 0
# Model Technology ModelSim Microsemi vlog 10.5c Compiler 2016.07 Jul 21 2016
# Start time: 14:41:07 on Dec 29,2024
# vlog -reportprogress 300 "+incdir+D:/chang/_74HC194/stimulus" -vlog01compat -work presynth D:/chang/_74HC194/stimulus/test194.v 
# -- Compiling module HC194
# 
# Top level modules:
# 	--none--
# End time: 14:41:07 on Dec 29,2024, Elapsed time: 0:00:00
# Errors: 0, Warnings: 0
# vsim -L proasic3 -L presynth -t 1ps presynth.HC194 
# Start time: 14:41:07 on Dec 29,2024
# //  ModelSim Microsemi 10.5c Jul 21 2016
# //
# //  Copyright 1991-2016 Mentor Graphics Corporation
# //  All Rights Reserved.
# //
# //  ModelSim Microsemi and its associated documentation contain trade
# //  secrets and commercial or financial information that are the property of
# //  Mentor Graphics Corporation and are privileged, confidential,
# //  and exempt from disclosure under the Freedom of Information Act,
# //  5 U.S.C. Section 552. Furthermore, this information
# //  is prohibited from disclosure under the Trade Secrets Act,
# //  18 U.S.C. Section 1905.
# //
# Loading presynth.HC194
# ** Warning: (vsim-3035) Instantiation depth of '/HC194/u194/u194/u194/u194/u194/u194/u194/u194/u194/u194/u194/u194/u194/u194/u194/u194/u194/u194/u194/u194/u194/u194/u194/u194/u194/u194/u194/u194/u194/u194/u194/u194/u194/u194/u194/u194/u194/u194/u194/u194/u194/u194/u194/u194/u194/u194/u194/u194/u194/u194' is 51. This might indicate a recursive instantiation. Increasing limit to 75.
# ** Error: (vsim-3036) Instantiation depth of '/HC194/u194/u194/u194/u194/u194/u194/u194/u194/u194/u194/u194/u194/u194/u194/u194/u194/u194/u194/u194/u194/u194/u194/u194/u194/u194/u194/u194/u194/u194/u194/u194/u194/u194/u194/u194/u194/u194/u194/u194/u194/u194/u194/u194/u194/u194/u194/u194/u194/u194/u194/u194/u194/u194/u194/u194/u194/u194/u194/u194/u194/u194/u194/u194/u194/u194/u194/u194/u194/u194/u194/u194/u194/u194/u194' is 75. Assuming recursive instantiation.
#    Time: 0 ps  Iteration: 0  Instance: /HC194/u194/u194/u194/u194/u194/u194/u194/u194/u194/u194/u194/u194/u194/u194/u194/u194/u194/u194/u194/u194/u194/u194/u194/u194/u194/u194/u194/u194/u194/u194/u194/u194/u194/u194/u194/u194/u194/u194/u194/u194/u194/u194/u194/u194/u194/u194/u194/u194/u194/u194/u194/u194/u194/u194/u194/u194/u194/u194/u194/u194/u194/u194/u194/u194/u194/u194/u194/u194/u194/u194/u194/u194/u194/u194 File: D:/chang/_74HC194/stimulus/test194.v
# Error loading design
# Error: Error loading design
#        Pausing macro execution
# MACRO ./run.do PAUSED at line 16
# End time: 14:41:29 on Dec 29,2024, Elapsed time: 0:00:22
# Errors: 1, Warnings: 1
