
Starting:    C:\Microsemi\Libero_SoC_v11.9\SynplifyPro\bin64\mbin\synbatch.exe
Install:     C:\Microsemi\Libero_SoC_v11.9\SynplifyPro
Hostname:    315-0128
Date:        Sun Dec 29 15:22:14 2024
Version:     L-2016.09M-SP1-5

Arguments:   -product synplify_pro -licensetype synplifypro_actel -batch -log synplify.log HC153_syn.tcl
ProductType: synplify_pro

License checkout: synplifypro_actel
License: synplifypro_actel node-locked 
Licensed Vendor: actel
License Option: actel_oem

Running in Vendor Mode


auto_infer_blackbox is not supported in current product.

log file: "D:\chang\_74HC153\synthesis\HC153.srr"

Running: synthesis in foreground



Running HC153_syn|synthesis


Running: compile (Compile) on HC153_syn|synthesis
# Sun Dec 29 15:22:14 2024


Running: compile_flow (Compile Process) on HC153_syn|synthesis
# Sun Dec 29 15:22:14 2024


Running: compiler (Compile Input) on HC153_syn|synthesis
# Sun Dec 29 15:22:14 2024

Copied D:\chang\_74HC153\synthesis\synwork\HC153_comp.srs to D:\chang\_74HC153\synthesis\HC153.srs


compiler completed
# Sun Dec 29 15:22:15 2024

Return Code: 0
Run Time:00h:00m:01s


Running: multi_srs_gen (Multi-srs Generator) on HC153_syn|synthesis
# Sun Dec 29 15:22:15 2024


multi_srs_gen completed
# Sun Dec 29 15:22:15 2024

Return Code: 0
Run Time:00h:00m:00s

Copied D:\chang\_74HC153\synthesis\synwork\HC153_mult.srs to D:\chang\_74HC153\synthesis\HC153.srs

Complete: Compile Process on HC153_syn|synthesis


Running: premap (Pre-mapping) on HC153_syn|synthesis
# Sun Dec 29 15:22:15 2024


premap completed
# Sun Dec 29 15:22:16 2024

Return Code: 0
Run Time:00h:00m:01s

Complete: Compile on HC153_syn|synthesis


Running: map (Map) on HC153_syn|synthesis
# Sun Dec 29 15:22:16 2024

License granted for 4 parallel jobs


Running: fpga_mapper (Map & Optimize) on HC153_syn|synthesis
# Sun Dec 29 15:22:16 2024

Copied D:\chang\_74HC153\synthesis\synwork\HC153_m.srm to D:\chang\_74HC153\synthesis\HC153.srm


fpga_mapper completed
# Sun Dec 29 15:22:16 2024

Return Code: 0
Run Time:00h:00m:00s

Complete: Map on HC153_syn|synthesis

Complete: Logic Synthesis on HC153_syn|synthesis

TCL script complete: "HC153_syn.tcl"

exit status=0

exit status=0

License checkin: synplifypro_actel

