
Starting:    C:\Microsemi\Libero_SoC_v11.9\SynplifyPro\bin64\mbin\synbatch.exe
Install:     C:\Microsemi\Libero_SoC_v11.9\SynplifyPro
Hostname:    315-0128
Date:        Sun Dec 29 14:53:43 2024
Version:     L-2016.09M-SP1-5

Arguments:   -product synplify_pro -licensetype synplifypro_actel -batch -log synplify.log _74HC112_syn.tcl
ProductType: synplify_pro

License checkout: synplifypro_actel
License: synplifypro_actel node-locked 
Licensed Vendor: actel
License Option: actel_oem

Running in Vendor Mode


Implementation not found: synthesis

log file: "D:\chang\_74HC112\synthesis\_74HC112.srr"

Running: synthesis in foreground



Running _74HC112_syn|synthesis


Running: compile (Compile) on _74HC112_syn|synthesis
# Sun Dec 29 14:53:43 2024


Running: compile_flow (Compile Process) on _74HC112_syn|synthesis
# Sun Dec 29 14:53:43 2024


Running: compiler (Compile Input) on _74HC112_syn|synthesis
# Sun Dec 29 14:53:43 2024

Copied D:\chang\_74HC112\synthesis\synwork\_74HC112_comp.srs to D:\chang\_74HC112\synthesis\_74HC112.srs


compiler completed
# Sun Dec 29 14:53:44 2024

Return Code: 0
Run Time:00h:00m:01s


Running: multi_srs_gen (Multi-srs Generator) on _74HC112_syn|synthesis
# Sun Dec 29 14:53:44 2024


multi_srs_gen completed
# Sun Dec 29 14:53:44 2024

Return Code: 0
Run Time:00h:00m:00s

Copied D:\chang\_74HC112\synthesis\synwork\_74HC112_mult.srs to D:\chang\_74HC112\synthesis\_74HC112.srs

Complete: Compile Process on _74HC112_syn|synthesis


Running: premap (Pre-mapping) on _74HC112_syn|synthesis
# Sun Dec 29 14:53:44 2024


premap completed with warnings
# Sun Dec 29 14:53:45 2024

Return Code: 1
Run Time:00h:00m:01s

Complete: Compile on _74HC112_syn|synthesis


Running: map (Map) on _74HC112_syn|synthesis
# Sun Dec 29 14:53:45 2024

License granted for 4 parallel jobs


Running: fpga_mapper (Map & Optimize) on _74HC112_syn|synthesis
# Sun Dec 29 14:53:45 2024

Copied D:\chang\_74HC112\synthesis\synwork\_74HC112_m.srm to D:\chang\_74HC112\synthesis\_74HC112.srm


fpga_mapper completed with warnings
# Sun Dec 29 14:53:45 2024

Return Code: 1
Run Time:00h:00m:00s

Complete: Map on _74HC112_syn|synthesis

Complete: Logic Synthesis on _74HC112_syn|synthesis

Copied D:\chang\_74HC112\synthesis\_74HC112.srr to D:\chang\_74HC112\synthesis\backup\_74HC112.srr

TCL script complete: "_74HC112_syn.tcl"

exit status=0

exit status=0

License checkin: synplifypro_actel

