
Starting:    C:\Microsemi\Libero_SoC_v11.9\SynplifyPro\bin64\mbin\synbatch.exe
Install:     C:\Microsemi\Libero_SoC_v11.9\SynplifyPro
Hostname:    314-0123
Date:        Sat Dec 30 16:41:49 2023
Version:     L-2016.09M-SP1-5

Arguments:   -product synplify_pro -licensetype synplifypro_actel -batch -log synplify.log HC85_syn.tcl
ProductType: synplify_pro

License checkout: synplifypro_actel
License: synplifypro_actel node-locked 
Licensed Vendor: actel
License Option: actel_oem

Running in Vendor Mode


auto_infer_blackbox is not supported in current product.

log file: "C:\Users\Administrator\Desktop\111\74HC85\HC85\synthesis\HC85.srr"

Running: synthesis in foreground



Running HC85_syn|synthesis


Running: compile (Compile) on HC85_syn|synthesis
# Sat Dec 30 16:41:50 2023


Running: compile_flow (Compile Process) on HC85_syn|synthesis
# Sat Dec 30 16:41:50 2023


Running: compiler (Compile Input) on HC85_syn|synthesis
# Sat Dec 30 16:41:50 2023

Copied C:\Users\Administrator\Desktop\111\74HC85\HC85\synthesis\synwork\HC85_comp.srs to C:\Users\Administrator\Desktop\111\74HC85\HC85\synthesis\HC85.srs


compiler completed
# Sat Dec 30 16:41:51 2023

Return Code: 0
Run Time:00h:00m:01s


Running: multi_srs_gen (Multi-srs Generator) on HC85_syn|synthesis
# Sat Dec 30 16:41:51 2023


multi_srs_gen completed
# Sat Dec 30 16:41:51 2023

Return Code: 0
Run Time:00h:00m:00s

Copied C:\Users\Administrator\Desktop\111\74HC85\HC85\synthesis\synwork\HC85_mult.srs to C:\Users\Administrator\Desktop\111\74HC85\HC85\synthesis\HC85.srs

Complete: Compile Process on HC85_syn|synthesis


Running: premap (Pre-mapping) on HC85_syn|synthesis
# Sat Dec 30 16:41:51 2023


premap completed
# Sat Dec 30 16:41:51 2023

Return Code: 0
Run Time:00h:00m:00s

Complete: Compile on HC85_syn|synthesis


Running: map (Map) on HC85_syn|synthesis
# Sat Dec 30 16:41:51 2023

License granted for 4 parallel jobs


Running: fpga_mapper (Map & Optimize) on HC85_syn|synthesis
# Sat Dec 30 16:41:51 2023

Copied C:\Users\Administrator\Desktop\111\74HC85\HC85\synthesis\synwork\HC85_m.srm to C:\Users\Administrator\Desktop\111\74HC85\HC85\synthesis\HC85.srm


fpga_mapper completed
# Sat Dec 30 16:41:52 2023

Return Code: 0
Run Time:00h:00m:01s

Complete: Map on HC85_syn|synthesis

Complete: Logic Synthesis on HC85_syn|synthesis

TCL script complete: "HC85_syn.tcl"

exit status=0

exit status=0

License checkin: synplifypro_actel

