Microsemi Libero Software
Version: 11.9.1.0
Release: v11.9 SP1

'IDE_DESIGNERVIEW_ROOTDIR' set to 'C:\Users\Administrator\Desktop\74HC85\HC85\designer'
Info: The design HC85.adb was last modified by software version 11.9.1.0.
Opened an existing Libero design HC85.adb.

The Execute Script command succeeded ( 00:00:22 )
Checking for software updates...
Warning: The following files already exist:
         
         C:\Users\Administrator\Desktop\74HC85\HC85\designer\impl1\HC85.pdb
         
         Do you want to replace the files? [NO]
Warning: The following files already exist:
         
         C:\Users\Administrator\Desktop\74HC85\HC85\designer\impl1\HC85.pdb
         
         Do you want to replace the files? [YES]

The Export-map command succeeded ( 00:00:04 )
Warning: Overwriting the existing file:
         C:\Users\Administrator\Desktop\74HC85\HC85\designer\impl1\HC85.pdb.
Wrote to the file: C:\Users\Administrator\Desktop\74HC85\HC85\designer\impl1\HC85.pdb
CHECKSUM: 09F2

The Generate programming file command succeeded ( 00:00:04 )
Design saved to file C:\Users\Administrator\Desktop\74HC85\HC85\designer\impl1\HC85.adb.
Wrote pin report to file:
C:\Users\Administrator\Desktop\74HC85\HC85\designer\impl1\HC85_report_pin_byname.txt

The Report command succeeded ( 00:00:01 )
Wrote pin report to file:
C:\Users\Administrator\Desktop\74HC85\HC85\designer\impl1\HC85_report_pin_bynumber.txt

The Report command succeeded ( 00:00:01 )

The Execute Script command succeeded ( 00:00:02 )
Design closed.

