
Starting:    C:\Microsemi\Libero_SoC_v11.9\SynplifyPro\bin64\mbin\synplify.exe
Install:     C:\Microsemi\Libero_SoC_v11.9\SynplifyPro
Hostname:    315-0128
Date:        Sun Dec 29 14:31:03 2024
Version:     L-2016.09M-SP1-5

Arguments:   -product synplify_pro _74HC161_syn.tcl
ProductType: synplify_pro

License checkout: synplifypro_actel
License: synplifypro_actel node-locked 
Licensed Vendor: actel
License Option: actel_oem



auto_infer_blackbox is not supported in current product.
TCL script complete: "_74HC161_syn.tcl"
New HDL Analyst: enabled
log file: "D:\chang\_74HC161\synthesis\_74HC161.srr"
Running: synthesis in foreground

Running _74HC161_syn|synthesis

Running: compile (Compile) on _74HC161_syn|synthesis
# Sun Dec 29 14:31:11 2024

Running: compile_flow (Compile Process) on _74HC161_syn|synthesis
# Sun Dec 29 14:31:11 2024

Running: compiler (Compile Input) on _74HC161_syn|synthesis
# Sun Dec 29 14:31:11 2024

compiler completed
# Sun Dec 29 14:31:11 2024

Return Code: 0
Run Time:00h:00m:00s

Running: multi_srs_gen (Multi-srs Generator) on _74HC161_syn|synthesis
# Sun Dec 29 14:31:11 2024
Up-To-Date: multi_srs_gen. No run necessary
Complete: Compile Process on _74HC161_syn|synthesis

Running: premap (Pre-mapping) on _74HC161_syn|synthesis
# Sun Dec 29 14:31:12 2024
Up-To-Date: premap. No run necessary
Complete: Compile on _74HC161_syn|synthesis

Running: map (Map) on _74HC161_syn|synthesis
# Sun Dec 29 14:31:12 2024

Running: fpga_mapper (Map & Optimize) on _74HC161_syn|synthesis
# Sun Dec 29 14:31:12 2024
Up-To-Date: fpga_mapper. No run necessary
Complete: Map on _74HC161_syn|synthesis
Complete: Logic Synthesis on _74HC161_syn|synthesis
Note: Opening local project RTL file 'D:\chang\_74HC161\synthesis\_74HC161.srs'
exit status=0
License checkin: synplifypro_actel
